2023-10-31 16:53:48.435123: Usuário joseaugustovital conectou-se.
2023-10-31 16:53:48.435589: Usuário joseaugustovital tornou-se INATIVO.
2023-10-31 16:53:54.883735: Usuário 1 conectou-se.
2023-10-31 16:53:54.884127: Usuário 1 tornou-se INATIVO.
2023-11-01 20:54:23.857917: Usuário joseaugustovital conectou-se.
2023-11-01 20:54:23.858411: Usuário joseaugustovital tornou-se INATIVO.
2023-11-01 20:54:27.252430: Usuário joseaugustovital solicitou a lista de usuários conectados.
2023-11-01 20:54:41.363449: Usuário 1 conectou-se.
2023-11-01 20:54:41.363964: Usuário 1 tornou-se INATIVO.
2023-11-01 20:54:48.049182: Usuário 1 iniciou um jogo com joseaugustovital
2023-11-01 21:15:48.848475: Usuário 1 conectou-se.
2023-11-01 21:15:48.849346: Usuário 1 tornou-se INATIVO.
2023-11-01 21:16:56.286238: Usuário 1 conectou-se.
2023-11-01 21:16:56.287186: Usuário 1 tornou-se INATIVO.
2023-11-01 21:17:10.063905: Usuário 1 conectou-se.
2023-11-01 21:17:10.064408: Usuário 1 tornou-se INATIVO.
2023-11-01 21:17:13.522240: Usuário 1 desconectou-se.
2023-11-01 21:17:17.004259: Usuário 2 conectou-se.
2023-11-01 21:17:17.004545: Usuário 2 tornou-se INATIVO.
2023-11-01 21:19:07.050732: Usuário 1 conectou-se.
2023-11-01 21:19:07.051387: Usuário 1 tornou-se INATIVO.
2023-11-01 21:19:16.900999: Usuário 2 conectou-se.
2023-11-01 21:19:16.901528: Usuário 2 tornou-se INATIVO.
2023-11-01 21:19:19.608845: Usuário 2 iniciou um jogo com 1
2023-11-01 21:20:02.327965: Usuário 2 conectou-se.
2023-11-01 21:20:02.328994: Usuário 2 tornou-se INATIVO.
2023-11-01 21:20:04.098392: Usuário 2 iniciou um jogo com 1
2023-11-01 21:23:17.742252: Usuário 2 iniciou um jogo com 1
2023-11-01 21:24:18.932361: Usuário 1 conectou-se.
2023-11-01 21:24:18.932911: Usuário 1 tornou-se INATIVO.
2023-11-01 21:24:24.758542: Usuário 2 conectou-se.
2023-11-01 21:24:24.758813: Usuário 2 tornou-se INATIVO.
2023-11-01 21:26:11.042241: Usuário 1 conectou-se.
2023-11-01 21:26:11.043246: Usuário 1 tornou-se INATIVO.
2023-11-01 21:26:14.785218: Usuário 2 conectou-se.
2023-11-01 21:26:14.785467: Usuário 2 tornou-se INATIVO.
2023-11-01 21:27:44.842037: Usuário 2 conectou-se.
2023-11-01 21:27:44.842805: Usuário 2 tornou-se INATIVO.
2023-11-01 21:27:48.621533: Usuário 1 conectou-se.
2023-11-01 21:27:48.621937: Usuário 1 tornou-se INATIVO.
2023-11-01 21:29:30.247094: Usuário 1 conectou-se.
2023-11-01 21:29:30.248003: Usuário 1 tornou-se INATIVO.
2023-11-01 21:29:41.265892: Usuário 2 conectou-se.
2023-11-01 21:29:41.266252: Usuário 2 tornou-se INATIVO.
2023-11-01 21:29:45.679233: Usuário 2 solicitou a lista de usuários jogando.
2023-11-01 21:29:45.994958: Usuário 2 solicitou a lista de usuários conectados.
2023-11-01 21:29:56.730714: Usuário 2 desconectou-se.
2023-11-01 21:30:01.450045: Usuário 2 conectou-se.
2023-11-01 21:30:01.450571: Usuário 2 tornou-se INATIVO.
2023-11-01 21:30:03.739684: Usuário 2 iniciou um jogo com 1
2023-11-01 21:34:50.185811: Usuário 1 conectou-se.
2023-11-01 21:34:50.186362: Usuário 1 tornou-se INATIVO.
2023-11-01 21:34:56.169361: Usuário 2 conectou-se.
2023-11-01 21:34:56.169651: Usuário 2 tornou-se INATIVO.
2023-11-01 21:34:57.224688: Usuário 2 iniciou um jogo com 1
2023-11-01 21:36:46.858162: Usuário 1 conectou-se.
2023-11-01 21:36:46.858822: Usuário 1 tornou-se INATIVO.
2023-11-01 21:36:52.385395: Usuário 2 conectou-se.
2023-11-01 21:36:52.385660: Usuário 2 tornou-se INATIVO.
2023-11-01 21:36:53.275385: Usuário 2 iniciou um jogo com 1
2023-11-01 21:40:18.685737: Usuário 1 conectou-se.
2023-11-01 21:40:18.686411: Usuário 1 tornou-se INATIVO.
2023-11-01 21:40:24.099667: Usuário 2 conectou-se.
2023-11-01 21:40:24.099963: Usuário 2 tornou-se INATIVO.
2023-11-01 21:42:18.614584: Usuário 1 conectou-se.
2023-11-01 21:42:18.615459: Usuário 1 tornou-se INATIVO.
2023-11-01 21:42:26.210970: Usuário 2 conectou-se.
2023-11-01 21:42:26.211344: Usuário 2 tornou-se INATIVO.
2023-11-01 21:42:27.312935: Usuário 2 iniciou um jogo com 1
2023-11-01 21:45:00.213350: Usuário 1 tornou-se INATIVO.
2023-11-01 21:45:08.750690: Usuário 2 tornou-se INATIVO.
2023-11-01 21:46:39.942903: Usuário 2 tornou-se INATIVO.
2023-11-01 21:47:25.644139: Usuário 1 tornou-se INATIVO.
2023-11-02 21:30:34.350056: Usuário 1 tornou-se INATIVO.
2023-11-02 21:30:40.417483: Usuário 2 tornou-se INATIVO.
2023-11-02 21:31:04.644843: Usuário 2 tornou-se INATIVO.
2023-11-02 21:50:29.123826: Usuário 1 tornou-se INATIVO.
2023-11-02 21:53:22.713516: Usuário 1 tornou-se INATIVO.
2023-11-02 21:53:59.428633: Usuário 1 tornou-se INATIVO.
2023-11-02 21:54:14.213757: Usuário 2 tornou-se INATIVO.
2023-11-02 21:57:28.320984: Usuário 1 tornou-se INATIVO.
2023-11-02 21:57:34.017847: Usuário 2 tornou-se INATIVO.
2023-11-02 22:02:05.024035: Usuário 1 tornou-se INATIVO.
2023-11-02 22:02:11.334126: Usuário 2 tornou-se INATIVO.
2023-11-02 22:04:28.438788: Usuário 1 tornou-se INATIVO.
2023-11-02 22:04:32.985521: Usuário 2 tornou-se INATIVO.
2023-11-02 22:06:02.410596: Usuário 1 tornou-se INATIVO.
2023-11-02 22:06:11.751641: Usuário 2 tornou-se INATIVO.
2023-11-02 22:16:05.067604: Usuário 1 tornou-se INATIVO.
2023-11-02 22:16:11.414361: Usuário 2 tornou-se INATIVO.
2023-11-02 22:18:25.507189: Usuário 1 tornou-se INATIVO.
2023-11-02 22:18:29.537252: Usuário 2 tornou-se INATIVO.
2023-11-02 22:20:30.971726: Usuário 1 tornou-se INATIVO.
2023-11-02 22:21:29.852507: Usuário 1 tornou-se INATIVO.
2023-11-02 22:22:28.602848: Usuário 1 tornou-se INATIVO.
2023-11-02 22:22:32.451223: Usuário 2 tornou-se INATIVO.
2023-11-02 22:23:54.731596: Usuário 1 tornou-se INATIVO.
2023-11-02 22:23:59.046281: Usuário 2 tornou-se INATIVO.
2023-11-02 22:24:50.145069: Usuário 1 tornou-se INATIVO.
2023-11-02 22:24:54.956078: Usuário 2 tornou-se INATIVO.
2023-11-02 22:25:55.501926: Usuário 1 tornou-se INATIVO.
2023-11-02 22:26:00.541447: Usuário 2 tornou-se INATIVO.
2023-11-02 22:27:58.152308: Usuário 1 tornou-se INATIVO.
2023-11-02 22:28:03.191273: Usuário 2 tornou-se INATIVO.
2023-11-02 22:29:39.458205: Usuário 1 tornou-se INATIVO.
2023-11-02 22:31:07.722560: Usuário 1 tornou-se INATIVO.
2023-11-02 22:40:45.795674: Usuário 1 tornou-se INATIVO.
2023-11-02 22:40:52.477609: Usuário 2 tornou-se INATIVO.
2023-11-02 22:42:10.079105: Usuário joseaugustovital tornou-se INATIVO.
2023-11-02 22:51:15.813903: Usuário 1 tornou-se INATIVO.
2023-11-02 22:51:20.395345: Usuário 2 tornou-se INATIVO.
2023-11-02 22:51:57.975305: Usuário alison tornou-se INATIVO.
2023-11-02 22:56:05.358949: Usuário alison tornou-se INATIVO.
2023-11-02 23:02:07.908425: Usuário 1 tornou-se INATIVO.
2023-11-02 23:02:12.321690: Usuário 2 tornou-se INATIVO.
2023-11-02 23:03:17.800772: Usuário 1 tornou-se INATIVO.
2023-11-02 23:03:21.628562: Usuário 2 tornou-se INATIVO.
2023-11-02 23:07:42.159691: Usuário 1 tornou-se INATIVO.
2023-11-02 23:07:46.486858: Usuário 2 tornou-se INATIVO.
2023-11-02 23:13:25.158139: Usuário 1 tornou-se INATIVO.
2023-11-02 23:13:31.790474: Usuário 2 tornou-se INATIVO.
2023-11-02 23:16:00.571100: Usuário 1 tornou-se INATIVO.
2023-11-02 23:16:04.369703: Usuário 2 tornou-se INATIVO.
2023-11-02 23:17:28.537632: Usuário 1 tornou-se INATIVO.
2023-11-02 23:17:39.864342: Usuário 2 tornou-se INATIVO.
2023-11-02 23:30:32.419052: Usuário 1 tornou-se INATIVO.
2023-11-02 23:46:13.239936: Usuário 1 tornou-se INATIVO.
2023-11-02 23:46:31.706920: Usuário 1 tornou-se INATIVO.
2023-11-02 23:46:37.182634: Usuário 2 tornou-se INATIVO.
2023-11-02 23:56:32.135733: Usuário 1 tornou-se INATIVO.
2023-11-03 00:06:23.948456: Usuário 1 tornou-se INATIVO.
2023-11-03 00:06:31.232287: Usuário 2 tornou-se INATIVO.
2023-11-03 00:09:24.706246: Usuário 1 tornou-se INATIVO.
2023-11-03 00:09:31.415295: Usuário 2 tornou-se INATIVO.
2023-11-03 00:09:40.883359: Usuário 2 tornou-se INATIVO.
2023-11-03 00:09:50.585100: Usuário 2 tornou-se INATIVO.
2023-11-03 00:10:00.319652: Usuário 2 tornou-se INATIVO.
2023-11-03 00:10:15.447545: Usuário 2 tornou-se INATIVO.
2023-11-03 00:10:27.728485: Usuário 1 tornou-se INATIVO.
2023-11-03 00:11:55.327013: Usuário 1 tornou-se INATIVO.
2023-11-03 00:11:58.381861: Usuário 2 tornou-se INATIVO.
2023-11-03 00:14:46.004926: Usuário 1 tornou-se INATIVO.
2023-11-03 00:14:52.125336: Usuário 2 tornou-se INATIVO.
2023-11-03 00:15:18.359612: Usuário joseaugustovital tornou-se INATIVO.
2023-11-03 00:27:48.466055: Usuário joseaugustovital tornou-se INATIVO.
2023-11-03 00:28:26.074895: Usuário 1 tornou-se INATIVO.
2023-11-03 00:29:06.103099: Usuário 1 tornou-se INATIVO.
2023-11-03 00:29:19.442469: Usuário 1 tornou-se INATIVO.
2023-11-03 00:33:51.666357: Usuário 1 tornou-se INATIVO.
2023-11-03 00:58:10.068657: Usuário joseaugustovital tornou-se INATIVO.
2023-11-03 00:58:15.504469: Usuário 1 tornou-se INATIVO.
2023-11-03 00:58:30.813048: Usuário 2 tornou-se INATIVO.
2023-11-03 01:16:25.321114: Usuário joseaugustovital tornou-se INATIVO.
2023-11-03 01:16:34.372120: Usuário 2 tornou-se INATIVO.
2023-11-03 08:42:32.698040: Usuário joseaugustovital tornou-se INATIVO.
2023-11-03 08:42:40.945853: Usuário 1 tornou-se INATIVO.
2023-11-03 12:14:16.784002: Usuário 1 tornou-se INATIVO.
2023-11-03 12:14:22.162942: Usuário 2 tornou-se INATIVO.
2023-11-03 12:20:00.687966: Usuário 1 tornou-se INATIVO.
2023-11-03 12:20:04.634022: Usuário 2 tornou-se INATIVO.
2023-11-03 12:21:42.485752: Usuário 1 tornou-se INATIVO.
2023-11-03 12:21:46.977865: Usuário 2 tornou-se INATIVO.
2023-11-03 12:22:50.487252: Usuário 1 tornou-se INATIVO.
2023-11-03 12:22:55.385141: Usuário 2 tornou-se INATIVO.
2023-11-03 12:23:49.093153: Usuário 1 tornou-se INATIVO.
2023-11-03 12:27:55.314363: Usuário 1 tornou-se INATIVO.
2023-11-03 12:28:20.404926: Usuário 1 tornou-se INATIVO.
2023-11-03 12:30:42.327486: Usuário 1 tornou-se INATIVO.
2023-11-03 12:30:59.567744: Usuário 1 tornou-se INATIVO.
2023-11-03 12:32:53.731490: Usuário 1 tornou-se INATIVO.
2023-11-03 12:33:27.422471: Usuário 1 tornou-se INATIVO.
2023-11-03 12:34:48.922250: Usuário 1 tornou-se INATIVO.
2023-11-03 12:35:55.881768: Usuário 1 tornou-se INATIVO.
2023-11-03 12:37:27.397621: Usuário 1 tornou-se INATIVO.
2023-11-03 12:40:31.362566: Usuário 1 tornou-se INATIVO.
2023-11-03 12:42:12.109180: Usuário 1 tornou-se INATIVO.
2023-11-03 12:42:51.785470: Usuário 1 tornou-se INATIVO.
2023-11-03 12:43:51.052353: Usuário 1 tornou-se INATIVO.
2023-11-03 12:44:29.024470: Usuário 1 tornou-se INATIVO.
2023-11-03 12:46:11.643662: Usuário 1 tornou-se INATIVO.
2023-11-03 12:46:58.865064: Usuário 1 tornou-se INATIVO.
2023-11-03 12:48:14.526234: Usuário 1 tornou-se INATIVO.
2023-11-03 12:49:11.030015: Usuário 1 tornou-se INATIVO.
2023-11-03 12:50:08.513871: Usuário 1 tornou-se INATIVO.
2023-11-03 12:51:57.018693: Usuário 1 tornou-se INATIVO.
2023-11-03 12:53:06.727037: Usuário 1 tornou-se INATIVO.
2023-11-03 12:53:16.223976: Usuário joseaugustovital tornou-se INATIVO.
2023-11-03 12:54:45.586841: Usuário alison tornou-se INATIVO.
2023-11-03 12:56:28.486583: Usuário zeca tornou-se INATIVO.
2023-11-03 12:57:05.636106: Usuário 1 tornou-se INATIVO.
2023-11-03 12:58:17.470545: Usuário 1 tornou-se INATIVO.
2023-11-03 13:00:04.873042: Usuário 1 tornou-se INATIVO.
2023-11-03 13:00:29.924212: Usuário 1 tornou-se INATIVO.
2023-11-03 13:00:41.486344: Usuário 1 tornou-se INATIVO.
2023-11-03 13:00:56.538708: Usuário 1 tornou-se INATIVO.
2023-11-03 13:01:04.120176: Usuário 1 tornou-se INATIVO.
2023-11-03 13:01:16.135326: Usuário 1 tornou-se INATIVO.
2023-11-03 13:01:27.173584: Usuário 1 tornou-se INATIVO.
2023-11-03 13:01:40.897335: Usuário 1 tornou-se INATIVO.
2023-11-03 13:02:36.050797: Usuário 1 tornou-se INATIVO.
2023-11-03 13:02:57.870789: Usuário 1 tornou-se INATIVO.
2023-11-03 13:03:34.892504: Usuário 1 tornou-se INATIVO.
2023-11-03 13:03:46.305783: Usuário 1 tornou-se INATIVO.
2023-11-03 13:04:18.832270: Usuário 1 tornou-se INATIVO.
2023-11-03 13:04:54.920669: Usuário 1 tornou-se INATIVO.
2023-11-03 13:05:16.663630: Usuário 1 tornou-se INATIVO.
2023-11-03 13:06:11.697989: Usuário 1 tornou-se INATIVO.
2023-11-03 13:06:39.084328: Usuário 1 tornou-se INATIVO.
2023-11-03 13:07:08.369859: Usuário 1 tornou-se INATIVO.
2023-11-03 13:07:29.623053: Usuário 1 tornou-se INATIVO.
2023-11-03 13:19:22.394578: Usuário 1 tornou-se INATIVO.
2023-11-03 13:21:57.136198: Usuário 1 tornou-se INATIVO.
2023-11-03 13:26:24.218309: Usuário 1 tornou-se INATIVO.
2023-11-03 13:26:37.187614: Usuário 1 tornou-se INATIVO.
2023-11-03 13:27:00.214343: Usuário 1 tornou-se INATIVO.
2023-11-03 13:27:49.762566: Usuário 1 tornou-se INATIVO.
2023-11-03 13:28:26.618750: Usuário 1 tornou-se INATIVO.
2023-11-03 13:28:56.472651: Usuário 1 tornou-se INATIVO.
2023-11-03 13:30:51.160961: Usuário 1 tornou-se INATIVO.
2023-11-03 13:31:30.485866: Usuário 1 tornou-se INATIVO.
2023-11-03 13:31:33.453770: Usuário 2 tornou-se INATIVO.
2023-11-03 13:32:14.775841: Usuário 1 tornou-se INATIVO.
2023-11-03 13:32:18.417959: Usuário 2 tornou-se INATIVO.
2023-11-03 13:33:06.012211: Usuário 1 tornou-se INATIVO.
2023-11-03 13:33:10.177583: Usuário 2 tornou-se INATIVO.
2023-11-03 13:36:32.772594: Usuário 1 tornou-se INATIVO.
2023-11-03 13:36:36.341389: Usuário 2 tornou-se INATIVO.
2023-11-03 13:37:15.513763: Usuário 1 tornou-se INATIVO.
2023-11-03 13:38:32.322868: Usuário 1 tornou-se INATIVO.
2023-11-03 13:39:39.884531: Usuário 1 tornou-se INATIVO.
2023-11-03 13:40:47.030900: Usuário 1 tornou-se INATIVO.
2023-11-03 13:43:16.547084: Usuário 1 tornou-se INATIVO.
2023-11-03 13:43:42.087662: Usuário 1 tornou-se INATIVO.
2023-11-03 13:45:05.713304: Usuário 1 tornou-se INATIVO.
2023-11-03 13:46:59.792818: Usuário 1 tornou-se INATIVO.
2023-11-03 13:47:10.868594: Usuário 1 tornou-se INATIVO.
2023-11-03 13:47:15.303816: Usuário 2 tornou-se INATIVO.
2023-11-03 13:47:43.232558: Usuário 1 tornou-se INATIVO.
2023-11-03 13:48:59.406143: Usuário 1 tornou-se INATIVO.
2023-11-03 13:49:41.054095: Usuário 2 tornou-se INATIVO.
2023-11-03 13:51:26.767495: Usuário 1 tornou-se INATIVO.
2023-11-03 13:52:09.825943: Usuário 2 tornou-se INATIVO.
2023-11-03 13:52:12.862005: Usuário 1 tornou-se INATIVO.
2023-11-03 13:53:40.043511: Usuário 1 tornou-se INATIVO.
2023-11-03 13:54:00.382076: Usuário 2 tornou-se INATIVO.
2023-11-03 13:55:03.711932: Usuário 1 tornou-se INATIVO.
2023-11-03 13:55:10.868336: Usuário 2 tornou-se INATIVO.
2023-11-03 13:56:34.996885: Usuário 1 tornou-se INATIVO.
2023-11-03 13:56:37.054002: Usuário 2 tornou-se INATIVO.
2023-11-03 13:57:20.864152: Usuário 1 tornou-se INATIVO.
2023-11-03 13:57:53.013309: Usuário 1 tornou-se INATIVO.
2023-11-03 13:58:31.720173: Usuário 1 tornou-se INATIVO.
2023-11-03 13:58:35.883866: Usuário 2 tornou-se INATIVO.
2023-11-03 13:59:57.945765: Usuário 1 tornou-se INATIVO.
2023-11-03 14:00:19.585628: Usuário 1 tornou-se INATIVO.
2023-11-03 14:00:24.355681: Usuário 2 tornou-se INATIVO.
2023-11-03 14:00:58.719093: Usuário 1 tornou-se INATIVO.
2023-11-03 14:01:02.630590: Usuário 2 tornou-se INATIVO.
2023-11-03 14:04:42.154779: Usuário 1 tornou-se INATIVO.
2023-11-03 14:05:00.188933: Usuário 2 tornou-se INATIVO.
2023-11-03 14:06:00.725978: Usuário 1 tornou-se INATIVO.
2023-11-03 14:08:37.952165: Usuário 1 tornou-se INATIVO.
2023-11-03 14:09:34.796255: Usuário 1 tornou-se INATIVO.
2023-11-03 14:10:10.873788: Usuário 1 tornou-se INATIVO.
2023-11-03 14:10:44.776968: Usuário joseaugustovital tornou-se INATIVO.
2023-11-03 14:13:25.394769: Usuário joseaugustovital tornou-se INATIVO.
2023-11-03 14:13:55.811348: Usuário 1 tornou-se INATIVO.
2023-11-03 14:15:10.765858: Usuário 1 tornou-se INATIVO.
2023-11-03 14:15:55.200703: Usuário 1 tornou-se INATIVO.
2023-11-03 14:17:25.599454: Usuário 1 tornou-se INATIVO.
2023-11-03 14:18:30.479877: Usuário 1 tornou-se INATIVO.
2023-11-03 14:19:13.764499: Usuário 1 tornou-se INATIVO.
2023-11-03 14:19:44.958939: Usuário 1 tornou-se INATIVO.
2023-11-03 14:20:39.071018: Usuário 1 tornou-se INATIVO.
2023-11-03 14:21:25.402009: Usuário joseaugustovital tornou-se INATIVO.
2023-11-03 14:21:36.466560: Usuário mariaeduarda tornou-se INATIVO.
2023-11-03 16:16:39.740556: Usuário 1 tornou-se INATIVO.
2023-11-03 16:18:31.236130: Usuário 1 tornou-se INATIVO.
2023-11-03 16:23:15.764317: Usuário 1 tornou-se INATIVO.
2023-11-03 16:33:27.566414: Usuário 1 tornou-se INATIVO.
2023-11-03 16:33:31.911852: Usuário 2 tornou-se INATIVO.
2023-11-03 16:35:24.874259: Usuário 1 tornou-se INATIVO.
2023-11-03 16:35:41.577269: Usuário 1 tornou-se INATIVO.
2023-11-03 16:35:45.486855: Usuário 2 tornou-se INATIVO.
2023-11-03 16:36:24.476673: Usuário 1 tornou-se INATIVO.
2023-11-03 16:36:27.066723: Usuário 2 tornou-se INATIVO.
2023-11-03 16:37:05.964308: Usuário 1 tornou-se INATIVO.
2023-11-03 16:37:48.023133: Usuário 1 tornou-se INATIVO.
2023-11-03 16:39:20.381524: Usuário 1 tornou-se INATIVO.
2023-11-03 16:39:41.742503: Usuário 1 tornou-se INATIVO.
2023-11-03 16:40:36.249717: Usuário 1 tornou-se INATIVO.
2023-11-03 16:41:17.235261: Usuário 1 tornou-se INATIVO.
2023-11-03 16:41:46.215109: Usuário 1 tornou-se INATIVO.
2023-11-03 16:41:58.888570: Usuário 1 tornou-se INATIVO.
2023-11-03 16:42:17.193895: Usuário 1 tornou-se INATIVO.
2023-11-03 16:47:03.620200: Usuário 1 tornou-se INATIVO.
2023-11-03 16:47:19.517473: Usuário 1 tornou-se INATIVO.
2023-11-03 16:47:47.429519: Usuário 1 tornou-se INATIVO.
2023-11-03 16:49:43.824568: Usuário 1 tornou-se INATIVO.
2023-11-03 16:52:48.601249: Usuário 1 tornou-se INATIVO.
2023-11-03 16:53:18.574354: Usuário 1 tornou-se INATIVO.
2023-11-03 16:53:45.159727: Usuário 1 tornou-se INATIVO.
2023-11-03 16:54:04.989866: Usuário 1 tornou-se INATIVO.
2023-11-03 16:55:31.667690: Usuário 1 tornou-se INATIVO.
2023-11-03 16:55:38.502085: Usuário 2 tornou-se INATIVO.
2023-11-03 16:57:57.126388: Usuário 1 tornou-se INATIVO.
2023-11-03 16:58:03.432049: Usuário 1 tornou-se INATIVO.
2023-11-03 16:58:26.675165: Usuário 1 tornou-se INATIVO.
2023-11-03 16:58:31.339658: Usuário 2 tornou-se INATIVO.
2023-11-03 17:00:00.108798: Usuário 1 tornou-se INATIVO.
2023-11-03 17:01:01.319621: Usuário 1 tornou-se INATIVO.
2023-11-03 17:03:13.563152: Usuário 1 tornou-se INATIVO.
2023-11-03 17:03:23.970742: Usuário 1 tornou-se INATIVO.
2023-11-03 17:03:30.538709: Usuário 2 tornou-se INATIVO.
2023-11-03 17:04:06.282272: Usuário 1 tornou-se INATIVO.
2023-11-03 17:04:09.874239: Usuário 2 tornou-se INATIVO.
2023-11-03 17:05:50.855467: Usuário 1 tornou-se INATIVO.
2023-11-03 17:08:03.586905: Usuário 1 tornou-se INATIVO.
2023-11-03 17:08:33.764139: Usuário 1 tornou-se INATIVO.
2023-11-03 17:15:02.561248: Usuário 1 tornou-se INATIVO.
2023-11-03 17:15:46.305214: Usuário 1 tornou-se INATIVO.
2023-11-03 17:16:21.931143: Usuário 1 tornou-se INATIVO.
2023-11-03 17:17:22.156107: Usuário 1 tornou-se INATIVO.
2023-11-03 17:21:17.940286: Usuário 1 tornou-se INATIVO.
2023-11-03 17:21:26.360503: Usuário 1 tornou-se INATIVO.
2023-11-03 17:21:29.811950: Usuário 2 tornou-se INATIVO.
2023-11-03 17:23:49.745058: Usuário 1 tornou-se INATIVO.
2023-11-03 17:24:19.621215: Usuário 1 tornou-se INATIVO.
2023-11-03 17:24:23.033890: Usuário 2 tornou-se INATIVO.
2023-11-03 17:24:53.950176: Usuário 1 tornou-se INATIVO.
2023-11-03 17:24:58.319214: Usuário 2 tornou-se INATIVO.
2023-11-03 17:25:33.566250: Usuário 1 tornou-se INATIVO.
2023-11-03 17:25:36.751332: Usuário 2 tornou-se INATIVO.
2023-11-03 17:26:54.500059: Usuário 1 tornou-se INATIVO.
2023-11-03 17:26:57.352571: Usuário 2 tornou-se INATIVO.
2023-11-03 17:27:34.766511: Usuário 1 tornou-se INATIVO.
2023-11-03 17:27:38.435835: Usuário 2 tornou-se INATIVO.
2023-11-03 17:29:50.215822: Usuário 1 tornou-se INATIVO.
2023-11-03 17:29:57.193248: Usuário 2 tornou-se INATIVO.
2023-11-03 17:30:56.050351: Usuário 2 tornou-se INATIVO.
2023-11-03 17:30:59.136810: Usuário 1 tornou-se INATIVO.
2023-11-03 17:33:21.405768: Usuário 1 tornou-se INATIVO.
2023-11-03 17:33:24.415539: Usuário 2 tornou-se INATIVO.
2023-11-03 17:34:03.732427: Usuário 1 tornou-se INATIVO.
2023-11-03 17:34:18.525529: Usuário 1 tornou-se INATIVO.
2023-11-03 17:34:21.446018: Usuário 2 tornou-se INATIVO.
2023-11-03 17:35:08.952023: Usuário 1 tornou-se INATIVO.
2023-11-03 17:35:22.145644: Usuário 1 tornou-se INATIVO.
2023-11-03 17:35:27.782497: Usuário 2 tornou-se INATIVO.
2023-11-03 17:36:46.231863: Usuário 1 tornou-se INATIVO.
2023-11-03 17:36:49.891209: Usuário 2 tornou-se INATIVO.
2023-11-03 17:37:50.757882: Usuário 1 tornou-se INATIVO.
2023-11-03 17:37:55.807852: Usuário 2 tornou-se INATIVO.
2023-11-03 17:41:48.848896: Usuário 1 tornou-se INATIVO.
2023-11-03 17:41:52.033064: Usuário 2 tornou-se INATIVO.
2023-11-03 17:42:42.383394: Usuário 1 tornou-se INATIVO.
2023-11-03 17:42:46.897266: Usuário 2 tornou-se INATIVO.
2023-11-03 17:45:15.962154: Usuário 1 tornou-se INATIVO.
2023-11-03 17:45:20.146985: Usuário 2 tornou-se INATIVO.
2023-11-03 17:47:37.091135: Usuário 1 tornou-se INATIVO.
2023-11-03 17:47:42.550523: Usuário 2 tornou-se INATIVO.
2023-11-03 17:51:14.950390: Usuário 2 tornou-se INATIVO.
2023-11-03 17:52:04.534008: Usuário 2 tornou-se INATIVO.
2023-11-03 17:52:35.960977: Usuário 1 tornou-se INATIVO.
2023-11-03 17:52:38.570442: Usuário 2 tornou-se INATIVO.
2023-11-03 17:53:07.968325: Usuário 2 tornou-se INATIVO.
2023-11-03 17:53:25.190540: Usuário 1 tornou-se INATIVO.
2023-11-03 17:53:28.427976: Usuário 2 tornou-se INATIVO.
2023-11-03 17:54:49.840214: Usuário 1 tornou-se INATIVO.
2023-11-03 17:54:53.029782: Usuário 2 tornou-se INATIVO.
2023-11-03 18:00:00.503836: Usuário 1 tornou-se INATIVO.
2023-11-03 18:00:06.449738: Usuário 2 tornou-se INATIVO.
2023-11-03 18:01:17.728161: Usuário 1 tornou-se INATIVO.
2023-11-03 18:01:21.222395: Usuário 2 tornou-se INATIVO.
2023-11-03 18:02:49.119035: Usuário 1 tornou-se INATIVO.
2023-11-03 18:02:51.897868: Usuário 2 tornou-se INATIVO.
2023-11-03 18:03:25.209132: Usuário 2 tornou-se INATIVO.
2023-11-03 18:03:38.029835: Usuário joseaugustovital tornou-se INATIVO.
2023-11-03 18:03:43.625242: Usuário alison tornou-se INATIVO.
2023-11-03 18:04:12.247218: Usuário 1 tornou-se INATIVO.
2023-11-03 18:04:15.139956: Usuário 2 tornou-se INATIVO.
2023-11-03 18:04:36.210316: Usuário joseaugustovital tornou-se INATIVO.
2023-11-03 18:04:41.963699: Usuário alison tornou-se INATIVO.
2023-11-03 18:07:01.589019: Usuário 1 tornou-se INATIVO.
2023-11-03 18:07:04.859770: Usuário 2 tornou-se INATIVO.
2023-11-03 18:09:18.546321: Usuário 1 tornou-se INATIVO.
2023-11-03 18:09:58.381471: Usuário 1 tornou-se INATIVO.
2023-11-03 18:10:19.547623: Usuário 1 tornou-se INATIVO.
2023-11-03 18:11:06.116788: Usuário 1 tornou-se INATIVO.
2023-11-03 18:11:42.631813: Usuário 1 tornou-se INATIVO.
2023-11-03 18:11:46.633901: Usuário 2 tornou-se INATIVO.
2023-11-03 18:13:12.605091: Usuário 1 tornou-se INATIVO.
2023-11-03 18:13:16.298076: Usuário 2 tornou-se INATIVO.
2023-11-03 18:13:59.082298: Usuário 1 tornou-se INATIVO.
2023-11-03 18:14:03.550097: Usuário 2 tornou-se INATIVO.
2023-11-03 18:16:39.395984: Usuário 1 tornou-se INATIVO.
2023-11-03 18:16:42.931753: Usuário 2 tornou-se INATIVO.
2023-11-03 18:17:34.385116: Usuário 2 tornou-se INATIVO.
2023-11-03 18:19:22.727301: Usuário 1 tornou-se INATIVO.
2023-11-03 18:19:50.599125: Usuário 1 tornou-se INATIVO.
2023-11-03 18:20:14.807299: Usuário 1 tornou-se INATIVO.
2023-11-03 18:20:38.694635: Usuário 1 tornou-se INATIVO.
2023-11-03 18:20:45.886763: Usuário 2 tornou-se INATIVO.
2023-11-03 18:22:20.549926: Usuário 1 tornou-se INATIVO.
2023-11-03 18:22:32.104486: Usuário 2 tornou-se INATIVO.
2023-11-03 18:24:07.506120: Usuário 1 tornou-se INATIVO.
2023-11-03 18:24:12.935302: Usuário 2 tornou-se INATIVO.
2023-11-03 18:24:49.815668: Usuário 1 tornou-se INATIVO.
2023-11-03 18:25:14.925683: Usuário 2 tornou-se INATIVO.
2023-11-03 18:27:53.347253: Usuário 1 tornou-se INATIVO.
2023-11-03 18:27:59.306909: Usuário 2 tornou-se INATIVO.
2023-11-03 18:29:47.726616: Usuário 1 tornou-se INATIVO.
2023-11-03 18:30:38.958983: Usuário 1 tornou-se INATIVO.
2023-11-03 18:30:45.461652: Usuário 2 tornou-se INATIVO.
2023-11-03 18:32:31.466619: Usuário 1 tornou-se INATIVO.
2023-11-03 18:32:40.934503: Usuário 2 tornou-se INATIVO.
2023-11-03 18:40:07.475327: Usuário 1 tornou-se INATIVO.
2023-11-03 18:43:32.590332: Usuário 1 tornou-se INATIVO.
2023-11-03 18:43:45.513761: Usuário 2 tornou-se INATIVO.
2023-11-03 18:45:58.404431: Usuário 1 tornou-se INATIVO.
2023-11-03 18:46:05.957064: Usuário 2 tornou-se INATIVO.
2023-11-03 18:49:43.044213: Usuário 1 tornou-se INATIVO.
2023-11-03 18:49:51.792904: Usuário 2 tornou-se INATIVO.
2023-11-03 18:51:17.447624: Usuário 1 tornou-se INATIVO.
2023-11-03 18:51:21.102619: Usuário 2 tornou-se INATIVO.
2023-11-03 18:52:30.398824: Usuário 1 tornou-se INATIVO.
2023-11-03 18:52:35.233666: Usuário 2 tornou-se INATIVO.
2023-11-03 18:52:57.729005: Usuário 1 tornou-se INATIVO.
2023-11-03 18:53:00.796747: Usuário 2 tornou-se INATIVO.
2023-11-03 18:53:35.671710: Usuário 2 tornou-se INATIVO.
2023-11-03 18:53:38.440425: Usuário 1 tornou-se INATIVO.
2023-11-03 18:54:44.672226: Usuário 1 tornou-se INATIVO.
2023-11-03 18:54:47.716398: Usuário 2 tornou-se INATIVO.
2023-11-03 18:55:09.806153: Usuário 2 tornou-se INATIVO.
2023-11-03 18:55:23.914389: Usuário 2 tornou-se INATIVO.
2023-11-03 18:58:54.376256: Usuário 1 tornou-se INATIVO.
2023-11-03 18:58:56.811833: Usuário 2 tornou-se INATIVO.
2023-11-03 18:59:34.495193: Usuário 1 tornou-se INATIVO.
2023-11-03 18:59:55.974518: Usuário 1 tornou-se INATIVO.
2023-11-03 18:59:59.671338: Usuário 2 tornou-se INATIVO.
2023-11-03 19:00:40.139464: Usuário 1 tornou-se INATIVO.
2023-11-03 19:00:43.914478: Usuário 2 tornou-se INATIVO.
2023-11-03 19:01:47.974714: Usuário 1 tornou-se INATIVO.
2023-11-03 19:01:51.129809: Usuário 2 tornou-se INATIVO.
2023-11-03 19:05:33.323518: Usuário 1 tornou-se INATIVO.
2023-11-03 19:05:38.165622: Usuário 2 tornou-se INATIVO.
2023-11-03 20:02:06.368009: Usuário 1 tornou-se INATIVO.
2023-11-03 20:02:09.725979: Usuário 2 tornou-se INATIVO.
2023-11-03 20:04:07.964104: Usuário 1 tornou-se INATIVO.
2023-11-03 20:04:13.332716: Usuário 2 tornou-se INATIVO.
2023-11-03 20:08:53.610332: Usuário 1 tornou-se INATIVO.
2023-11-03 20:08:58.371840: Usuário 2 tornou-se INATIVO.
2023-11-03 20:11:02.134616: Usuário 1 tornou-se INATIVO.
2023-11-03 20:11:04.530090: Usuário 2 tornou-se INATIVO.
2023-11-03 20:18:00.154173: Usuário 1 tornou-se INATIVO.
2023-11-03 20:18:03.345508: Usuário 2 tornou-se INATIVO.
2023-11-03 20:19:48.498788: Usuário 1 tornou-se INATIVO.
2023-11-03 20:19:50.249553: Usuário 2 tornou-se INATIVO.
2023-11-03 20:20:32.072094: Usuário 1 tornou-se INATIVO.
2023-11-03 20:20:40.384993: Usuário 2 tornou-se INATIVO.
2023-11-03 20:22:34.364673: Usuário 1 tornou-se INATIVO.
2023-11-03 20:22:37.117800: Usuário 2 tornou-se INATIVO.
2023-11-03 20:25:40.026962: Usuário 1 tornou-se INATIVO.
2023-11-03 20:25:44.819237: Usuário 2 tornou-se INATIVO.
2023-11-03 20:29:41.074611: Usuário 1 tornou-se INATIVO.
2023-11-03 20:29:46.869880: Usuário 2 tornou-se INATIVO.
2023-11-03 20:32:59.229769: Usuário 1 tornou-se INATIVO.
2023-11-03 20:33:07.399333: Usuário 2 tornou-se INATIVO.
2023-11-03 20:37:30.764428: Usuário 1 tornou-se INATIVO.
2023-11-03 20:37:35.942028: Usuário 2 tornou-se INATIVO.
2023-11-03 20:41:50.153230: Usuário 2 tornou-se INATIVO.
2023-11-03 20:42:13.751416: Usuário 2 tornou-se INATIVO.
2023-11-03 20:43:26.133564: Usuário 1 tornou-se INATIVO.
2023-11-03 20:43:29.157928: Usuário 2 tornou-se INATIVO.
2023-11-03 20:47:51.533948: Usuário 1 tornou-se INATIVO.
2023-11-03 20:48:00.121022: Usuário 2 tornou-se INATIVO.
2023-11-03 20:49:21.560933: Usuário 1 tornou-se INATIVO.
2023-11-03 20:49:24.734210: Usuário 2 tornou-se INATIVO.
2023-11-03 20:52:14.748454: Usuário 1 tornou-se INATIVO.
2023-11-03 20:52:31.061703: Usuário 1 tornou-se INATIVO.
2023-11-03 20:52:40.352694: Usuário 2 tornou-se INATIVO.
2023-11-03 20:54:13.206679: Usuário 1 tornou-se INATIVO.
2023-11-03 20:54:16.364782: Usuário 2 tornou-se INATIVO.
2023-11-03 20:57:35.268000: Usuário 2 tornou-se INATIVO.
2023-11-03 20:57:37.854412: Usuário 1 tornou-se INATIVO.
2023-11-03 20:59:57.508466: Usuário 1 tornou-se INATIVO.
2023-11-03 21:00:00.426768: Usuário 2 tornou-se INATIVO.
2023-11-03 21:02:25.935414: Usuário 1 tornou-se INATIVO.
2023-11-03 21:02:34.308159: Usuário 2 tornou-se INATIVO.
2023-11-03 21:03:16.605865: Usuário 1 tornou-se INATIVO.
2023-11-03 21:03:23.011791: Usuário 2 tornou-se INATIVO.
2023-11-03 21:19:42.149941: Usuário 1 tornou-se INATIVO.
2023-11-03 21:19:46.193971: Usuário 2 tornou-se INATIVO.
2023-11-03 21:22:16.698004: Usuário 2 tornou-se INATIVO.
2023-11-03 21:22:20.020654: Usuário 1 tornou-se INATIVO.
2023-11-03 21:23:28.683789: Usuário alison tornou-se INATIVO.
2023-11-03 21:28:03.988657: Usuário 1 tornou-se INATIVO.
2023-11-03 21:28:07.451107: Usuário 2 tornou-se INATIVO.
2023-11-03 21:29:41.256412: Usuário 1 tornou-se INATIVO.
2023-11-03 21:29:45.334853: Usuário 2 tornou-se INATIVO.
2023-11-03 21:31:39.532453: Usuário 1 tornou-se INATIVO.
2023-11-03 21:31:46.366757: Usuário 2 tornou-se INATIVO.
2023-11-03 21:32:35.387220: Usuário 1 tornou-se INATIVO.
2023-11-03 21:32:39.048203: Usuário 2 tornou-se INATIVO.
2023-11-03 21:33:11.953327: Usuário 1 tornou-se INATIVO.
2023-11-03 21:33:15.654054: Usuário 2 tornou-se INATIVO.
2023-11-03 21:33:28.840830: Usuário joseaugustovital tornou-se INATIVO.
2023-11-03 21:35:25.880648: Usuário 1 tornou-se INATIVO.
2023-11-03 21:35:29.311808: Usuário 2 tornou-se INATIVO.
2023-11-03 21:35:59.421371: Usuário 2 tornou-se INATIVO.
2023-11-03 21:36:01.301758: Usuário 1 tornou-se INATIVO.
2023-11-03 21:36:45.102342: Usuário 1 tornou-se INATIVO.
2023-11-03 21:36:49.091265: Usuário 2 tornou-se INATIVO.
2023-11-03 21:37:23.760346: Usuário joseaugustovital tornou-se INATIVO.
